\BOOKMARK [0][-]{chapter.1}{\376\377\0001\000\040\000M\000A\000T\000A\000R}{}% 1
\BOOKMARK [1][-]{section.1.1}{\376\377\0001\000.\0001\000\040\000E\000x\000a\000m\000p\000l\000e\000s}{chapter.1}% 2
\BOOKMARK [1][-]{section.1.2}{\376\377\0001\000.\0002\000\040\000D\000e\000s\000c\000r\000i\000p\000t\000i\000o\000n\000s}{chapter.1}% 3
\BOOKMARK [1][-]{section.1.3}{\376\377\0001\000.\0003\000\040\000U\000s\000a\000g\000e}{chapter.1}% 4
\BOOKMARK [1][-]{section.1.4}{\376\377\0001\000.\0004\000\040\000C\000l\000o\000n\000i\000n\000g\000\040\000t\000h\000e\000\040\000c\000o\000d\000e}{chapter.1}% 5
\BOOKMARK [1][-]{section.1.5}{\376\377\0001\000.\0005\000\040\000B\000a\000s\000i\000c\000\040\000b\000u\000i\000l\000d}{chapter.1}% 6
\BOOKMARK [1][-]{section.1.6}{\376\377\0001\000.\0006\000\040\000D\000e\000b\000u\000g\000\040\000b\000a\000s\000i\000c\000\040\000b\000u\000i\000l\000d}{chapter.1}% 7
\BOOKMARK [1][-]{section.1.7}{\376\377\0001\000.\0007\000\040\000B\000u\000i\000l\000d\000i\000n\000g\000\040\000M\000A\000T\000A\000R\000\040\000w\000i\000t\000h\000\040\000K\000o\000k\000k\000o\000s}{chapter.1}% 8
\BOOKMARK [2][-]{subsection.1.7.1}{\376\377\0001\000.\0007\000.\0001\000\040\000E\000n\000v\000i\000r\000o\000n\000m\000e\000n\000t\000\040\000c\000o\000n\000f\000i\000g\000u\000r\000a\000t\000i\000o\000n\000\040\000s\000c\000r\000i\000p\000t}{section.1.7}% 9
\BOOKMARK [2][-]{subsection.1.7.2}{\376\377\0001\000.\0007\000.\0002\000\040\000I\000n\000s\000t\000a\000l\000l\000\040\000K\000o\000k\000k\000o\000s\000\040\000s\000c\000r\000i\000p\000t}{section.1.7}% 10
\BOOKMARK [2][-]{subsection.1.7.3}{\376\377\0001\000.\0007\000.\0003\000\040\000C\000U\000D\000A\000\040\000c\000o\000m\000p\000i\000l\000a\000t\000i\000o\000n\000\040\000s\000c\000r\000i\000p\000t}{section.1.7}% 11
\BOOKMARK [2][-]{subsection.1.7.4}{\376\377\0001\000.\0007\000.\0004\000\040\000H\000I\000P\000\040\000c\000o\000m\000p\000i\000l\000a\000t\000i\000o\000n\000\040\000s\000c\000r\000i\000p\000t}{section.1.7}% 12
\BOOKMARK [2][-]{subsection.1.7.5}{\376\377\0001\000.\0007\000.\0005\000\040\000o\000p\000e\000n\000M\000P\000\040\000c\000o\000m\000p\000i\000l\000a\000t\000i\000o\000n\000\040\000s\000c\000r\000i\000p\000t}{section.1.7}% 13
\BOOKMARK [2][-]{subsection.1.7.6}{\376\377\0001\000.\0007\000.\0006\000\040\000p\000t\000h\000r\000e\000a\000d\000s\000\040\000c\000o\000m\000p\000i\000l\000a\000t\000i\000o\000n\000\040\000s\000c\000r\000i\000p\000t}{section.1.7}% 14
\BOOKMARK [2][-]{subsection.1.7.7}{\376\377\0001\000.\0007\000.\0007\000\040\000A\000u\000t\000o\000m\000a\000t\000e\000\040\000b\000u\000i\000l\000d\000\040\000p\000r\000o\000c\000e\000s\000s}{section.1.7}% 15
\BOOKMARK [1][-]{section.1.8}{\376\377\0001\000.\0008\000\040\000C\000o\000n\000t\000r\000i\000b\000u\000t\000i\000n\000g}{chapter.1}% 16
\BOOKMARK [1][-]{section.1.9}{\376\377\0001\000.\0009\000\040\000L\000i\000c\000e\000n\000s\000e}{chapter.1}% 17
\BOOKMARK [1][-]{section.1.10}{\376\377\0001\000.\0001\0000\000\040\000C\000i\000t\000a\000t\000i\000o\000n}{chapter.1}% 18
\BOOKMARK [0][-]{chapter.2}{\376\377\0002\000\040\000C\000l\000a\000s\000s\000\040\000I\000n\000d\000e\000x}{}% 19
\BOOKMARK [1][-]{section.2.1}{\376\377\0002\000.\0001\000\040\000C\000l\000a\000s\000s\000\040\000L\000i\000s\000t}{chapter.2}% 20
\BOOKMARK [0][-]{chapter.3}{\376\377\0003\000\040\000F\000i\000l\000e\000\040\000I\000n\000d\000e\000x}{}% 21
\BOOKMARK [1][-]{section.3.1}{\376\377\0003\000.\0001\000\040\000F\000i\000l\000e\000\040\000L\000i\000s\000t}{chapter.3}% 22
\BOOKMARK [0][-]{chapter.4}{\376\377\0004\000\040\000C\000l\000a\000s\000s\000\040\000D\000o\000c\000u\000m\000e\000n\000t\000a\000t\000i\000o\000n}{}% 23
\BOOKMARK [1][-]{section.4.1}{\376\377\0004\000.\0001\000\040\000C\000A\000r\000r\000a\000y\000<\000\040\000T\000\040\000>\000\040\000C\000l\000a\000s\000s\000\040\000T\000e\000m\000p\000l\000a\000t\000e\000\040\000R\000e\000f\000e\000r\000e\000n\000c\000e}{chapter.4}% 24
\BOOKMARK [1][-]{section.4.2}{\376\377\0004\000.\0002\000\040\000C\000M\000a\000t\000r\000i\000x\000<\000\040\000T\000\040\000>\000\040\000C\000l\000a\000s\000s\000\040\000T\000e\000m\000p\000l\000a\000t\000e\000\040\000R\000e\000f\000e\000r\000e\000n\000c\000e}{chapter.4}% 25
\BOOKMARK [1][-]{section.4.3}{\376\377\0004\000.\0003\000\040\000C\000S\000C\000A\000r\000r\000a\000y\000<\000\040\000T\000\040\000>\000\040\000C\000l\000a\000s\000s\000\040\000T\000e\000m\000p\000l\000a\000t\000e\000\040\000R\000e\000f\000e\000r\000e\000n\000c\000e}{chapter.4}% 26
\BOOKMARK [1][-]{section.4.4}{\376\377\0004\000.\0004\000\040\000C\000S\000R\000A\000r\000r\000a\000y\000<\000\040\000T\000\040\000>\000\040\000C\000l\000a\000s\000s\000\040\000T\000e\000m\000p\000l\000a\000t\000e\000\040\000R\000e\000f\000e\000r\000e\000n\000c\000e}{chapter.4}% 27
\BOOKMARK [1][-]{section.4.5}{\376\377\0004\000.\0005\000\040\000D\000y\000n\000a\000m\000i\000c\000R\000a\000g\000g\000e\000d\000D\000o\000w\000n\000A\000r\000r\000a\000y\000<\000\040\000T\000\040\000>\000\040\000C\000l\000a\000s\000s\000\040\000T\000e\000m\000p\000l\000a\000t\000e\000\040\000R\000e\000f\000e\000r\000e\000n\000c\000e}{chapter.4}% 28
\BOOKMARK [1][-]{section.4.6}{\376\377\0004\000.\0006\000\040\000D\000y\000n\000a\000m\000i\000c\000R\000a\000g\000g\000e\000d\000R\000i\000g\000h\000t\000A\000r\000r\000a\000y\000<\000\040\000T\000\040\000>\000\040\000C\000l\000a\000s\000s\000\040\000T\000e\000m\000p\000l\000a\000t\000e\000\040\000R\000e\000f\000e\000r\000e\000n\000c\000e}{chapter.4}% 29
\BOOKMARK [1][-]{section.4.7}{\376\377\0004\000.\0007\000\040\000F\000A\000r\000r\000a\000y\000<\000\040\000T\000\040\000>\000\040\000C\000l\000a\000s\000s\000\040\000T\000e\000m\000p\000l\000a\000t\000e\000\040\000R\000e\000f\000e\000r\000e\000n\000c\000e}{chapter.4}% 30
\BOOKMARK [1][-]{section.4.8}{\376\377\0004\000.\0008\000\040\000F\000M\000a\000t\000r\000i\000x\000<\000\040\000T\000\040\000>\000\040\000C\000l\000a\000s\000s\000\040\000T\000e\000m\000p\000l\000a\000t\000e\000\040\000R\000e\000f\000e\000r\000e\000n\000c\000e}{chapter.4}% 31
\BOOKMARK [1][-]{section.4.9}{\376\377\0004\000.\0009\000\040\000R\000a\000g\000g\000e\000d\000D\000o\000w\000n\000A\000r\000r\000a\000y\000<\000\040\000T\000\040\000>\000\040\000C\000l\000a\000s\000s\000\040\000T\000e\000m\000p\000l\000a\000t\000e\000\040\000R\000e\000f\000e\000r\000e\000n\000c\000e}{chapter.4}% 32
\BOOKMARK [1][-]{section.4.10}{\376\377\0004\000.\0001\0000\000\040\000R\000a\000g\000g\000e\000d\000R\000i\000g\000h\000t\000A\000r\000r\000a\000y\000<\000\040\000T\000\040\000>\000\040\000C\000l\000a\000s\000s\000\040\000T\000e\000m\000p\000l\000a\000t\000e\000\040\000R\000e\000f\000e\000r\000e\000n\000c\000e}{chapter.4}% 33
\BOOKMARK [1][-]{section.4.11}{\376\377\0004\000.\0001\0001\000\040\000R\000a\000g\000g\000e\000d\000R\000i\000g\000h\000t\000A\000r\000r\000a\000y\000o\000f\000V\000e\000c\000t\000o\000r\000s\000<\000\040\000T\000\040\000>\000\040\000C\000l\000a\000s\000s\000\040\000T\000e\000m\000p\000l\000a\000t\000e\000\040\000R\000e\000f\000e\000r\000e\000n\000c\000e}{chapter.4}% 34
\BOOKMARK [1][-]{section.4.12}{\376\377\0004\000.\0001\0002\000\040\000S\000p\000a\000r\000s\000e\000C\000o\000l\000A\000r\000r\000a\000y\000<\000\040\000T\000\040\000>\000\040\000C\000l\000a\000s\000s\000\040\000T\000e\000m\000p\000l\000a\000t\000e\000\040\000R\000e\000f\000e\000r\000e\000n\000c\000e}{chapter.4}% 35
\BOOKMARK [1][-]{section.4.13}{\376\377\0004\000.\0001\0003\000\040\000S\000p\000a\000r\000s\000e\000R\000o\000w\000A\000r\000r\000a\000y\000<\000\040\000T\000\040\000>\000\040\000C\000l\000a\000s\000s\000\040\000T\000e\000m\000p\000l\000a\000t\000e\000\040\000R\000e\000f\000e\000r\000e\000n\000c\000e}{chapter.4}% 36
\BOOKMARK [1][-]{section.4.14}{\376\377\0004\000.\0001\0004\000\040\000V\000i\000e\000w\000C\000A\000r\000r\000a\000y\000<\000\040\000T\000\040\000>\000\040\000C\000l\000a\000s\000s\000\040\000T\000e\000m\000p\000l\000a\000t\000e\000\040\000R\000e\000f\000e\000r\000e\000n\000c\000e}{chapter.4}% 37
\BOOKMARK [1][-]{section.4.15}{\376\377\0004\000.\0001\0005\000\040\000V\000i\000e\000w\000C\000M\000a\000t\000r\000i\000x\000<\000\040\000T\000\040\000>\000\040\000C\000l\000a\000s\000s\000\040\000T\000e\000m\000p\000l\000a\000t\000e\000\040\000R\000e\000f\000e\000r\000e\000n\000c\000e}{chapter.4}% 38
\BOOKMARK [1][-]{section.4.16}{\376\377\0004\000.\0001\0006\000\040\000V\000i\000e\000w\000F\000A\000r\000r\000a\000y\000<\000\040\000T\000\040\000>\000\040\000C\000l\000a\000s\000s\000\040\000T\000e\000m\000p\000l\000a\000t\000e\000\040\000R\000e\000f\000e\000r\000e\000n\000c\000e}{chapter.4}% 39
\BOOKMARK [1][-]{section.4.17}{\376\377\0004\000.\0001\0007\000\040\000V\000i\000e\000w\000F\000M\000a\000t\000r\000i\000x\000<\000\040\000T\000\040\000>\000\040\000C\000l\000a\000s\000s\000\040\000T\000e\000m\000p\000l\000a\000t\000e\000\040\000R\000e\000f\000e\000r\000e\000n\000c\000e}{chapter.4}% 40
\BOOKMARK [0][-]{chapter.5}{\376\377\0005\000\040\000F\000i\000l\000e\000\040\000D\000o\000c\000u\000m\000e\000n\000t\000a\000t\000i\000o\000n}{}% 41
\BOOKMARK [1][-]{section.5.1}{\376\377\0005\000.\0001\000\040\000m\000a\000c\000r\000o\000s\000.\000h}{chapter.5}% 42
\BOOKMARK [1][-]{section.5.2}{\376\377\0005\000.\0002\000\040\000m\000a\000t\000a\000r\000.\000h}{chapter.5}% 43
\BOOKMARK [0][-]{section*.18}{\376\377\000I\000n\000d\000e\000x}{}% 44
